Determining if the pthread_create exist failed with the following output:
Change Dir: /home/geek/codes/caffe/build_cmake/CMakeFiles/CMakeTmp

Run Build Command:/usr/bin/gmake "cmTryCompileExec2021772988/fast"
/usr/bin/gmake -f CMakeFiles/cmTryCompileExec2021772988.dir/build.make CMakeFiles/cmTryCompileExec2021772988.dir/build
gmake[1]: Entering directory `/home/geek/codes/caffe/build_cmake/CMakeFiles/CMakeTmp'
/usr/local/cmake/bin/cmake -E cmake_progress_report /home/geek/codes/caffe/build_cmake/CMakeFiles/CMakeTmp/CMakeFiles 1
Building C object CMakeFiles/cmTryCompileExec2021772988.dir/CheckSymbolExists.c.o
/usr/bin/cc    -o CMakeFiles/cmTryCompileExec2021772988.dir/CheckSymbolExists.c.o   -c /home/geek/codes/caffe/build_cmake/CMakeFiles/CMakeTmp/CheckSymbolExists.c
Linking C executable cmTryCompileExec2021772988
/usr/local/cmake/bin/cmake -E cmake_link_script CMakeFiles/cmTryCompileExec2021772988.dir/link.txt --verbose=1
/usr/bin/cc       CMakeFiles/cmTryCompileExec2021772988.dir/CheckSymbolExists.c.o  -o cmTryCompileExec2021772988 -rdynamic 
CMakeFiles/cmTryCompileExec2021772988.dir/CheckSymbolExists.c.o: In function `main':
CheckSymbolExists.c:(.text+0x16): undefined reference to `pthread_create'
collect2: error: ld returned 1 exit status
gmake[1]: *** [cmTryCompileExec2021772988] Error 1
gmake[1]: Leaving directory `/home/geek/codes/caffe/build_cmake/CMakeFiles/CMakeTmp'
gmake: *** [cmTryCompileExec2021772988/fast] Error 2

File /home/geek/codes/caffe/build_cmake/CMakeFiles/CMakeTmp/CheckSymbolExists.c:
/* */
#include <pthread.h>

int main(int argc, char** argv)
{
  (void)argv;
#ifndef pthread_create
  return ((int*)(&pthread_create))[argc];
#else
  (void)argc;
  return 0;
#endif
}

Determining if the function pthread_create exists in the pthreads failed with the following output:
Change Dir: /home/geek/codes/caffe/build_cmake/CMakeFiles/CMakeTmp

Run Build Command:/usr/bin/gmake "cmTryCompileExec974441589/fast"
/usr/bin/gmake -f CMakeFiles/cmTryCompileExec974441589.dir/build.make CMakeFiles/cmTryCompileExec974441589.dir/build
gmake[1]: Entering directory `/home/geek/codes/caffe/build_cmake/CMakeFiles/CMakeTmp'
/usr/local/cmake/bin/cmake -E cmake_progress_report /home/geek/codes/caffe/build_cmake/CMakeFiles/CMakeTmp/CMakeFiles 1
Building C object CMakeFiles/cmTryCompileExec974441589.dir/CheckFunctionExists.c.o
/usr/bin/cc   -DCHECK_FUNCTION_EXISTS=pthread_create   -o CMakeFiles/cmTryCompileExec974441589.dir/CheckFunctionExists.c.o   -c /usr/local/cmake/share/cmake-2.8/Modules/CheckFunctionExists.c
Linking C executable cmTryCompileExec974441589
/usr/local/cmake/bin/cmake -E cmake_link_script CMakeFiles/cmTryCompileExec974441589.dir/link.txt --verbose=1
/usr/bin/cc   -DCHECK_FUNCTION_EXISTS=pthread_create    CMakeFiles/cmTryCompileExec974441589.dir/CheckFunctionExists.c.o  -o cmTryCompileExec974441589 -rdynamic -lpthreads 
/usr/bin/ld: cannot find -lpthreads
collect2: error: ld returned 1 exit status
gmake[1]: *** [cmTryCompileExec974441589] Error 1
gmake[1]: Leaving directory `/home/geek/codes/caffe/build_cmake/CMakeFiles/CMakeTmp'
gmake: *** [cmTryCompileExec974441589/fast] Error 2


